------------------- New Request at 2025-08-19 12:43:33 -------------------Input Data - Amount: 14520000, OrderId: 1755582213, OrderInfo: Thanh toán đơn hàng #1755582213Raw Input Data: array (
  'vnp_Version' => '2.1.0',
  'vnp_TmnCode' => '6JIP7048',
  'vnp_Amount' => 1452000000,
  'vnp_Command' => 'pay',
  'vnp_CreateDate' => '20250819124333',
  'vnp_CurrCode' => 'VND',
  'vnp_IpAddr' => '127.0.0.1',
  'vnp_Locale' => 'vn',
  'vnp_OrderInfo' => 'Thanh toán đơn hàng #1755582213',
  'vnp_OrderType' => 'other',
  'vnp_ReturnUrl' => 'http://localhost/vnpay_php/vnpay_return.php',
  'vnp_TxnRef' => 1755582213,
  'vnp_ExpireDate' => '20250819125833',
)Sorted Input Data: array (
  'vnp_Amount' => 1452000000,
  'vnp_Command' => 'pay',
  'vnp_CreateDate' => '20250819124333',
  'vnp_CurrCode' => 'VND',
  'vnp_ExpireDate' => '20250819125833',
  'vnp_IpAddr' => '127.0.0.1',
  'vnp_Locale' => 'vn',
  'vnp_OrderInfo' => 'Thanh toán đơn hàng #1755582213',
  'vnp_OrderType' => 'other',
  'vnp_ReturnUrl' => 'http://localhost/vnpay_php/vnpay_return.php',
  'vnp_TmnCode' => '6JIP7048',
  'vnp_TxnRef' => 1755582213,
  'vnp_Version' => '2.1.0',
)Hash Data: vnp_Amount=1452000000vnp_Command=payvnp_CreateDate=20250819124333vnp_CurrCode=VNDvnp_ExpireDate=20250819125833vnp_IpAddr=127.0.0.1vnp_Locale=vnvnp_OrderInfo=Thanh+to%C3%A1n+%C4%91%C6%A1n+h%C3%A0ng+%231755582213vnp_OrderType=othervnp_ReturnUrl=http%3A%2F%2Flocalhost%2Fvnpay_php%2Fvnpay_return.phpvnp_TmnCode=6JIP7048vnp_TxnRef=1755582213vnp_Version=2.1.0Query String: vnp_Amount=1452000000&vnp_Command=pay&vnp_CreateDate=20250819124333&vnp_CurrCode=VND&vnp_ExpireDate=20250819125833&vnp_IpAddr=127.0.0.1&vnp_Locale=vn&vnp_OrderInfo=Thanh+to%C3%A1n+%C4%91%C6%A1n+h%C3%A0ng+%231755582213&vnp_OrderType=other&vnp_ReturnUrl=http%3A%2F%2Flocalhost%2Fvnpay_php%2Fvnpay_return.php&vnp_TmnCode=6JIP7048&vnp_TxnRef=1755582213&vnp_Version=2.1.0Generated Secure Hash: 5fa7fe3005599e9645f6e4acad3ce340801e31d39f3578d2457ca580a87bad2458c679a5678596978ed81fddf6cf7b62ca51ef34337d26cdcaf030825dbc9a56Final URL: https://sandbox.vnpayment.vn/paymentv2/vpcpay.html?vnp_Amount=1452000000&vnp_Command=pay&vnp_CreateDate=20250819124333&vnp_CurrCode=VND&vnp_ExpireDate=20250819125833&vnp_IpAddr=127.0.0.1&vnp_Locale=vn&vnp_OrderInfo=Thanh+to%C3%A1n+%C4%91%C6%A1n+h%C3%A0ng+%231755582213&vnp_OrderType=other&vnp_ReturnUrl=http%3A%2F%2Flocalhost%2Fvnpay_php%2Fvnpay_return.php&vnp_TmnCode=6JIP7048&vnp_TxnRef=1755582213&vnp_Version=2.1.0&vnp_SecureHash=5fa7fe3005599e9645f6e4acad3ce340801e31d39f3578d2457ca580a87bad2458c679a5678596978ed81fddf6cf7b62ca51ef34337d26cdcaf030825dbc9a56------------------- New Request at 2025-08-19 12:44:03 -------------------Input Data - Amount: 14520000, OrderId: 1755582243, OrderInfo: Thanh toán đơn hàng #1755582243Raw Input Data: array (
  'vnp_Version' => '2.1.0',
  'vnp_TmnCode' => '6JIP7048',
  'vnp_Amount' => 1452000000,
  'vnp_Command' => 'pay',
  'vnp_CreateDate' => '20250819124403',
  'vnp_CurrCode' => 'VND',
  'vnp_IpAddr' => '127.0.0.1',
  'vnp_Locale' => 'vn',
  'vnp_OrderInfo' => 'Thanh toán đơn hàng #1755582243',
  'vnp_OrderType' => 'other',
  'vnp_ReturnUrl' => 'http://localhost/vnpay_php/vnpay_return.php',
  'vnp_TxnRef' => 1755582243,
  'vnp_ExpireDate' => '20250819125903',
)Sorted Input Data: array (
  'vnp_Amount' => 1452000000,
  'vnp_Command' => 'pay',
  'vnp_CreateDate' => '20250819124403',
  'vnp_CurrCode' => 'VND',
  'vnp_ExpireDate' => '20250819125903',
  'vnp_IpAddr' => '127.0.0.1',
  'vnp_Locale' => 'vn',
  'vnp_OrderInfo' => 'Thanh toán đơn hàng #1755582243',
  'vnp_OrderType' => 'other',
  'vnp_ReturnUrl' => 'http://localhost/vnpay_php/vnpay_return.php',
  'vnp_TmnCode' => '6JIP7048',
  'vnp_TxnRef' => 1755582243,
  'vnp_Version' => '2.1.0',
)Hash Data: vnp_Amount=1452000000vnp_Command=payvnp_CreateDate=20250819124403vnp_CurrCode=VNDvnp_ExpireDate=20250819125903vnp_IpAddr=127.0.0.1vnp_Locale=vnvnp_OrderInfo=Thanh+to%C3%A1n+%C4%91%C6%A1n+h%C3%A0ng+%231755582243vnp_OrderType=othervnp_ReturnUrl=http%3A%2F%2Flocalhost%2Fvnpay_php%2Fvnpay_return.phpvnp_TmnCode=6JIP7048vnp_TxnRef=1755582243vnp_Version=2.1.0Query String: vnp_Amount=1452000000&vnp_Command=pay&vnp_CreateDate=20250819124403&vnp_CurrCode=VND&vnp_ExpireDate=20250819125903&vnp_IpAddr=127.0.0.1&vnp_Locale=vn&vnp_OrderInfo=Thanh+to%C3%A1n+%C4%91%C6%A1n+h%C3%A0ng+%231755582243&vnp_OrderType=other&vnp_ReturnUrl=http%3A%2F%2Flocalhost%2Fvnpay_php%2Fvnpay_return.php&vnp_TmnCode=6JIP7048&vnp_TxnRef=1755582243&vnp_Version=2.1.0Generated Secure Hash: d496c8afef2dd7e17f13a12556404f156850cf22f2d61f63e4fd273530ce1ab795fbc2018371d1d1b3b9935923a7ac0f743f8094c11ddfc8fb5a1743f3f8c372Final URL: https://sandbox.vnpayment.vn/paymentv2/vpcpay.html?vnp_Amount=1452000000&vnp_Command=pay&vnp_CreateDate=20250819124403&vnp_CurrCode=VND&vnp_ExpireDate=20250819125903&vnp_IpAddr=127.0.0.1&vnp_Locale=vn&vnp_OrderInfo=Thanh+to%C3%A1n+%C4%91%C6%A1n+h%C3%A0ng+%231755582243&vnp_OrderType=other&vnp_ReturnUrl=http%3A%2F%2Flocalhost%2Fvnpay_php%2Fvnpay_return.php&vnp_TmnCode=6JIP7048&vnp_TxnRef=1755582243&vnp_Version=2.1.0&vnp_SecureHash=d496c8afef2dd7e17f13a12556404f156850cf22f2d61f63e4fd273530ce1ab795fbc2018371d1d1b3b9935923a7ac0f743f8094c11ddfc8fb5a1743f3f8c372